\BOOKMARK [1][-]{section.1}{Einschlusswahrscheinlichkeiten}{}% 1
\BOOKMARK [1][-]{section.2}{Sch\344tzung mithilfe von Einschlusswahrscheinlichkeiten}{}% 2
\BOOKMARK [1][-]{section.3}{Horvitz-Thompson-Sch\344tzer f\374r einfache Zufallsstichproben ohne Zur\374cklegen}{}% 3
\BOOKMARK [1][-]{section.4}{Bernoulli Stichprobenziehungen}{}% 4
\BOOKMARK [1][-]{section.5}{Stichprobenmittel und -median}{}% 5
\BOOKMARK [1][-]{section.6}{Schraubenlieferungen}{}% 6
\BOOKMARK [1][-]{section.7}{Unterschriftenaktion}{}% 7
\BOOKMARK [1][-]{section.8}{Verteilung des \040Sch\344tzers}{}% 8
\BOOKMARK [1][-]{section.9}{Anteilssch\344tzung in einfachen Zufallsstichproben}{}% 9
\BOOKMARK [1][-]{section.10}{Bundestagswahl}{}% 10
\BOOKMARK [1][-]{section.11}{Effizienz systematischer Auswahl}{}% 11
\BOOKMARK [1][-]{section.12}{Reisanbaufl\344che}{}% 12
\BOOKMARK [1][-]{section.13}{Unterschiedliche Auswahlwahrscheinlichkeiten mit R}{}% 13
\BOOKMARK [1][-]{section.14}{Gr\366\337enproportionale Auswahl mit R}{}% 14
\BOOKMARK [1][-]{section.15}{Gr\366\337enproportionale Auswahl mit n=2}{}% 15
\BOOKMARK [1][-]{section.16}{Wasserverschmutzung}{}% 16
\BOOKMARK [1][-]{section.17}{Weizenproduktion}{}% 17
\BOOKMARK [1][-]{section.18}{Varianzzerlegung}{}% 18
\BOOKMARK [1][-]{section.19}{Kommunalwahl \(1\)}{}% 19
\BOOKMARK [1][-]{section.20}{Bauernh\366fe}{}% 20
\BOOKMARK [1][-]{section.21}{Erhebungskosten}{}% 21
\BOOKMARK [1][-]{section.22}{Erfrischungsr\344ume}{}% 22
\BOOKMARK [1][-]{section.23}{Nachtr\344gliches Schichten}{}% 23
\BOOKMARK [1][-]{section.24}{Qualit\344tsm\344ngel}{}% 24
\BOOKMARK [1][-]{section.25}{Kommunalwahl \(2\)}{}% 25
